<?xml version="1.0" encoding="UTF-8"?>
<!-- Generated by org.testng.reporters.JUnitXMLReporter -->
<testsuite hostname="pradnya" name="Default test" tests="4" failures="0" timestamp="24 Mar 2019 10:47:24 GMT" time="0.047" errors="0">
  <testcase name="atest2" time="0.015" classname="TestingAndnotations.Module1"/>
  <testcase name="test1" time="0.0" classname="TestingAndnotations.Module1"/>
  <testcase name="test3" time="0.0" classname="TestingAndnotations.Module1"/>
  <testcase name="test4" time="0.0" classname="TestingAndnotations.Module1"/>
</testsuite> <!-- Default test -->
