<?xml version="1.0" encoding="UTF-8"?>
<!-- Generated by org.testng.reporters.JUnitXMLReporter -->
<testsuite hostname="pradnya" name="Test 1" tests="8" failures="0" timestamp="24 Mar 2019 11:00:30 GMT" time="0.078" errors="0">
  <testcase name="atest2" time="0.0" classname="TestingAndnotations.Module1"/>
  <testcase name="test1" time="0.0" classname="TestingAndnotations.Module1"/>
  <testcase name="test3" time="0.016" classname="TestingAndnotations.Module1"/>
  <testcase name="test4" time="0.0" classname="TestingAndnotations.Module1"/>
  <testcase name="atest2" time="0.0" classname="TestingAndnotations.Module3"/>
  <testcase name="test1" time="0.0" classname="TestingAndnotations.Module3"/>
  <testcase name="test3" time="0.0" classname="TestingAndnotations.Module3"/>
  <testcase name="test4" time="0.0" classname="TestingAndnotations.Module3"/>
</testsuite> <!-- Test 1 -->
