<?xml version="1.0" encoding="UTF-8"?>
<!-- Generated by org.testng.reporters.JUnitXMLReporter -->
<testsuite hostname="pradnya" name="Test 2" tests="8" failures="0" timestamp="24 Mar 2019 11:00:30 GMT" time="0.031" errors="0">
  <testcase name="atest2" time="0.0" classname="TestingAndnotations.Module2"/>
  <testcase name="test1" time="0.0" classname="TestingAndnotations.Module2"/>
  <testcase name="test3" time="0.015" classname="TestingAndnotations.Module2"/>
  <testcase name="test4" time="0.0" classname="TestingAndnotations.Module2"/>
  <testcase name="atest2" time="0.0" classname="TestingAndnotations.Module4"/>
  <testcase name="test1" time="0.0" classname="TestingAndnotations.Module4"/>
  <testcase name="test3" time="0.0" classname="TestingAndnotations.Module4"/>
  <testcase name="test4" time="0.0" classname="TestingAndnotations.Module4"/>
</testsuite> <!-- Test 2 -->
