<?xml version="1.0" encoding="UTF-8"?>
<!-- Generated by org.testng.reporters.JUnitXMLReporter -->
<testsuite hostname="pradnya" name="Test 2" tests="4" failures="4" timestamp="31 Mar 2019 14:41:50 GMT" time="55.309" errors="0">
  <testcase name="Script" time="7.212" classname="SCRIPTS.TC_Login">
    <failure type="java.lang.AssertionError" message="expected:&amp;lt;Welcome: Mercury Tours&amp;gt; but was:&amp;lt;Find a Flight: Mercury Tours:&amp;gt;">
      <![CDATA[java.lang.AssertionError: expected:<Welcome: Mercury Tours> but was:<Find a Flight: Mercury Tours:>
	at SCRIPTS.TC_Login.Script(TC_Login.java:50)
	at java.util.concurrent.FutureTask.run(Unknown Source)
	at java.util.concurrent.ThreadPoolExecutor.runWorker(Unknown Source)
	at java.util.concurrent.ThreadPoolExecutor$Worker.run(Unknown Source)
	at java.lang.Thread.run(Unknown Source)
... Removed 18 stack frames]]>
    </failure>
  </testcase> <!-- Script -->
  <testcase name="Script" time="6.607" classname="SCRIPTS.TC_Login">
    <failure type="java.lang.AssertionError" message="expected:&amp;lt;Welcome: Mercury Tours&amp;gt; but was:&amp;lt;Find a Flight: Mercury Tours:&amp;gt;">
      <![CDATA[java.lang.AssertionError: expected:<Welcome: Mercury Tours> but was:<Find a Flight: Mercury Tours:>
	at SCRIPTS.TC_Login.Script(TC_Login.java:50)
	at java.util.concurrent.FutureTask.run(Unknown Source)
	at java.util.concurrent.ThreadPoolExecutor.runWorker(Unknown Source)
	at java.util.concurrent.ThreadPoolExecutor$Worker.run(Unknown Source)
	at java.lang.Thread.run(Unknown Source)
... Removed 18 stack frames]]>
    </failure>
  </testcase> <!-- Script -->
  <testcase name="Script" time="6.631" classname="SCRIPTS.TC_Login">
    <failure type="java.lang.AssertionError" message="expected:&amp;lt;Welcome: Mercury Tours&amp;gt; but was:&amp;lt;Find a Flight: Mercury Tours:&amp;gt;">
      <![CDATA[java.lang.AssertionError: expected:<Welcome: Mercury Tours> but was:<Find a Flight: Mercury Tours:>
	at SCRIPTS.TC_Login.Script(TC_Login.java:50)
	at java.util.concurrent.FutureTask.run(Unknown Source)
	at java.util.concurrent.ThreadPoolExecutor.runWorker(Unknown Source)
	at java.util.concurrent.ThreadPoolExecutor$Worker.run(Unknown Source)
	at java.lang.Thread.run(Unknown Source)
... Removed 18 stack frames]]>
    </failure>
  </testcase> <!-- Script -->
  <testcase name="Script" time="6.468" classname="SCRIPTS.TC_Login">
    <failure type="java.lang.AssertionError" message="expected:&amp;lt;Welcome: Mercury Tours&amp;gt; but was:&amp;lt;Find a Flight: Mercury Tours:&amp;gt;">
      <![CDATA[java.lang.AssertionError: expected:<Welcome: Mercury Tours> but was:<Find a Flight: Mercury Tours:>
	at SCRIPTS.TC_Login.Script(TC_Login.java:50)
	at java.util.concurrent.FutureTask.run(Unknown Source)
	at java.util.concurrent.ThreadPoolExecutor.runWorker(Unknown Source)
	at java.util.concurrent.ThreadPoolExecutor$Worker.run(Unknown Source)
	at java.lang.Thread.run(Unknown Source)
... Removed 18 stack frames]]>
    </failure>
  </testcase> <!-- Script -->
</testsuite> <!-- Test 2 -->
